
8493 (May 2, 2020)
8494 (May 2, 2020)
8495 (May 2, 2020)
 (May 23, 2020)
 (May 24, 2020)
8566 (May 28, 2020)
8552 (May 29, 2020)
8582 (May 31, 2020)
8561 (June 1, 2020)
8567 (June 1, 2020)
8540 (June 2, 2020)
8553 (June 2, 2020)
8596 (June 2, 2020)
8495 (June 2, 2020)
8503 (June 2, 2020)
8560 (June 2, 2020)
8600 (June 2, 2020)
8544 (June 2, 2020)
8520 (June 2, 2020)
8572 (June 2, 2020)
8548 (June 3, 2020)
 (June 5, 2020)
8621 (June 7, 2020)
8499 (June 9, 2020)
8573 (June 12, 2020)
8545 (June 16, 2020)
8514 (June 16, 2020)
8564 (June 16, 2020)
8565 (June 16, 2020)
8578 (June 16, 2020)
8590 (June 16, 2020)
8591 (June 16, 2020)
8592 (June 16, 2020)
8593 (June 16, 2020)
8526 (June 25, 2020)
8618 (July 2, 2020)
8631 (July 2, 2020)
 (July 8, 2020)
8599 (July 8, 2020)
 (July 16, 2020)
8493 (July 17, 2020)
8494 (July 17, 2020)
8496 (July 17, 2020)
8497 (July 17, 2020)
8498 (July 17, 2020)
8500 (July 17, 2020)
8501 (July 17, 2020)
8502 (July 17, 2020)
8504 (July 17, 2020)
8505 (July 17, 2020)
8506 (July 20, 2020)
8507 (July 20, 2020)
8508 (July 20, 2020)
8509 (July 20, 2020)
8510 (July 20, 2020)
8511 (July 20, 2020)
8512 (July 20, 2020)
8513 (July 20, 2020)
8515 (July 20, 2020)
8516 (July 20, 2020)
8517 (July 20, 2020)
8518 (July 20, 2020)
8519 (July 20, 2020)
8521 (July 20, 2020)
8522 (July 20, 2020)
8523 (July 20, 2020)
8524 (July 20, 2020)
8525 (July 20, 2020)
8527 (July 20, 2020)
8528 (July 20, 2020)
8529 (July 20, 2020)
8530 (July 20, 2020)
8531 (July 20, 2020)
8532 (July 20, 2020)
8533 (July 20, 2020)
8534 (July 20, 2020)
8535 (July 20, 2020)
8536 (July 20, 2020)
8537 (July 20, 2020)
8538 (July 20, 2020)
8539 (July 20, 2020)
8541 (July 20, 2020)
8542 (July 20, 2020)
 (July 20, 2020)
 (July 20, 2020)
 (July 20, 2020)
 (July 20, 2020)
8546 (July 20, 2020)
8547 (July 20, 2020)
8549 (July 20, 2020)
8550 (July 20, 2020)
8551 (July 20, 2020)
8554 (July 20, 2020)
8555 (July 20, 2020)
8556 (July 20, 2020)
8557 (July 20, 2020)
8558 (July 20, 2020)
8559 (July 20, 2020)
8562 (July 20, 2020)
8563 (July 20, 2020)
8568 (July 20, 2020)
8569 (July 20, 2020)
8570 (July 20, 2020)
8571 (July 20, 2020)
8574 (July 20, 2020)
8575 (July 20, 2020)
8576 (July 20, 2020)
8577 (July 20, 2020)
 (July 20, 2020)
8579 (July 20, 2020)
8580 (July 20, 2020)
 (July 20, 2020)
 (July 20, 2020)
8583 (July 20, 2020)
8584 (July 20, 2020)
8585 (July 20, 2020)
8586 (July 20, 2020)
8587 (July 20, 2020)
8588 (July 20, 2020)
8589 (July 20, 2020)
 (July 20, 2020)
 (July 20, 2020)
 (July 20, 2020)
 (July 20, 2020)
8595 (July 20, 2020)
8597 (July 20, 2020)
8598 (July 20, 2020)
8601 (July 20, 2020)
8602 (July 20, 2020)
8603 (July 20, 2020)
8604 (July 20, 2020)
8605 (July 20, 2020)
 (July 20, 2020)
 (July 20, 2020)
8606 (July 20, 2020)
8607 (July 20, 2020)
8608 (July 20, 2020)
8609 (July 20, 2020)
8610 (July 20, 2020)
8611 (July 20, 2020)
8612 (July 20, 2020)
8613 (July 20, 2020)
 (July 21, 2020)
8614 (July 21, 2020)
8615 (July 21, 2020)
8616 (July 21, 2020)
8617 (July 21, 2020)
8619 (July 21, 2020)
8620 (July 21, 2020)
8622 (July 21, 2020)
8623 (July 21, 2020)
8624 (July 21, 2020)
8625 (July 21, 2020)
8626 (July 21, 2020)
8627 (July 21, 2020)
8628 (July 21, 2020)
8629 (July 21, 2020)
8630 (July 21, 2020)
8632 (July 21, 2020)
8633 (July 21, 2020)
 (July 21, 2020)
8634 (July 21, 2020)
8635 (July 21, 2020)
8636 (July 21, 2020)
8637 (July 21, 2020)
8638 (July 21, 2020)
8639 (July 21, 2020)
8640 (July 21, 2020)
8641 (July 21, 2020)
8643 (July 21, 2020)
8644 (July 21, 2020)
8645 (July 21, 2020)
8646 (July 21, 2020)
8647 (July 21, 2020)
8648 (July 21, 2020)
8649 (July 21, 2020)
8650 (July 21, 2020)
8651 (July 21, 2020)
8652 (July 21, 2020)
8653 (July 21, 2020)
8654 (July 21, 2020)
8655 (July 21, 2020)
8656 (July 21, 2020)
8657 (July 21, 2020)
8658 (July 21, 2020)
8659 (July 21, 2020)
8660 (July 21, 2020)
8661 (July 21, 2020)
8662 (July 21, 2020)
8663 (July 21, 2020)
8664 (July 21, 2020)
8665 (July 21, 2020)
8666 (July 21, 2020)
8667 (July 21, 2020)
8668 (July 21, 2020)
8669 (July 21, 2020)
8670 (July 21, 2020)
8671 (July 21, 2020)
8672 (July 21, 2020)
8673 (July 21, 2020)
8674 (July 21, 2020)
8675 (July 21, 2020)
8676 (July 21, 2020)
8677 (July 21, 2020)
8678 (July 21, 2020)
8679 (July 21, 2020)
8680 (July 21, 2020)
8681 (July 21, 2020)
8682 (July 21, 2020)
8683 (July 21, 2020)
8684 (July 21, 2020)
8685 (July 21, 2020)
 (July 21, 2020)
 (July 21, 2020)
8688 (July 21, 2020)
8689 (July 21, 2020)
 (July 21, 2020)
 (July 21, 2020)
8543 (July 21, 2020)
 (July 21, 2020)
 (July 21, 2020)
 (July 21, 2020)
8690 (July 21, 2020)
8691 (July 21, 2020)
8581 (July 21, 2020)
 (July 21, 2020)
 (July 21, 2020)
8692 (July 21, 2020)
8693 (July 21, 2020)
8594 (July 21, 2020)
8686 (July 21, 2020)
8511 (July 23, 2020)
8534 (August 3, 2020)
8536 (August 8, 2020)
8576 (August 9, 2020)
8717 (August 22, 2020)
8817 (August 23, 2020)
8828 (August 23, 2020)
 (August 23, 2020)
8830 (August 23, 2020)
8814 (August 23, 2020)
 (August 23, 2020)
 (August 23, 2020)
 (August 23, 2020)
8831 (August 23, 2020)
8836 (August 23, 2020)
8834 (August 23, 2020)
 (August 23, 2020)
8827 (August 23, 2020)
8829 (August 23, 2020)
8819 (August 23, 2020)
8833 (August 23, 2020)
8755 (August 24, 2020)
8751 (August 25, 2020)
8794 (August 26, 2020)
8696 (September 1, 2020)
8517 (September 3, 2020)
8713 (September 3, 2020)
8700 (September 3, 2020)
8811 (September 3, 2020)
8843 (September 4, 2020)
8837 (September 4, 2020)
8842 (September 4, 2020)
8840 (September 4, 2020)
8845 (September 5, 2020)
8847 (September 5, 2020)
 (September 5, 2020)
8838 (September 5, 2020)
8839 (September 5, 2020)
8844 (September 5, 2020)
1386 (September 21, 2020)
5026 (October 23, 2020)
5317 (October 23, 2020)
8242 (October 23, 2020)
8694 (October 23, 2020)
8695 (October 23, 2020)
8697 (October 23, 2020)
8698 (October 23, 2020)
 (October 23, 2020)
8699 (October 23, 2020)
8701 (October 23, 2020)
8702 (October 23, 2020)
8703 (October 23, 2020)
8704 (October 23, 2020)
8705 (October 23, 2020)
8706 (October 23, 2020)
8707 (October 23, 2020)
8708 (October 23, 2020)
8709 (October 23, 2020)
8710 (October 23, 2020)
8711 (October 26, 2020)
8712 (October 26, 2020)
8714 (October 26, 2020)
8715 (October 26, 2020)
8716 (October 26, 2020)
8718 (October 26, 2020)
8719 (October 26, 2020)
8720 (October 26, 2020)
8721 (October 26, 2020)
8722 (October 26, 2020)
8723 (October 26, 2020)
8724 (October 26, 2020)
8725 (October 26, 2020)
8726 (October 26, 2020)
8727 (October 26, 2020)
8728 (October 26, 2020)
8729 (October 26, 2020)
8730 (October 26, 2020)
8731 (October 26, 2020)
8732 (October 26, 2020)
8733 (October 26, 2020)
8734 (October 26, 2020)
8735 (October 26, 2020)
8736 (October 26, 2020)
8737 (October 26, 2020)
8738 (October 26, 2020)
8739 (October 26, 2020)
8740 (October 26, 2020)
8741 (October 26, 2020)
8742 (October 26, 2020)
8743 (October 26, 2020)
8744 (October 26, 2020)
8745 (October 26, 2020)
8746 (October 26, 2020)
8747 (October 26, 2020)
8748 (October 26, 2020)
8749 (October 26, 2020)
8750 (October 26, 2020)
8752 (October 26, 2020)
8753 (October 26, 2020)
8754 (October 26, 2020)
8756 (October 26, 2020)
8757 (October 26, 2020)
8758 (October 26, 2020)
8759 (October 26, 2020)
8760 (October 26, 2020)
8761 (October 26, 2020)
8762 (October 26, 2020)
8763 (October 26, 2020)
8764 (October 26, 2020)
8765 (October 26, 2020)
8766 (October 26, 2020)
8767 (October 26, 2020)
8768 (October 26, 2020)
8769 (October 26, 2020)
8771 (October 26, 2020)
8773 (October 26, 2020)
8774 (October 26, 2020)
8775 (October 26, 2020)
8776 (October 26, 2020)
8777 (October 26, 2020)
8778 (October 26, 2020)
8779 (October 26, 2020)
8780 (October 26, 2020)
8781 (October 26, 2020)
8782 (October 26, 2020)
8783 (October 26, 2020)
8784 (October 26, 2020)
8785 (October 26, 2020)
8786 (October 26, 2020)
8787 (October 26, 2020)
8788 (October 26, 2020)
8789 (October 26, 2020)
8790 (October 26, 2020)
8791 (October 26, 2020)
8792 (October 26, 2020)
8793 (October 26, 2020)
8795 (October 26, 2020)
8796 (October 26, 2020)
8797 (October 26, 2020)
8798 (October 26, 2020)
8799 (October 26, 2020)
8800 (October 26, 2020)
8801 (October 26, 2020)
8802 (October 26, 2020)
8803 (October 26, 2020)
8804 (October 26, 2020)
8805 (October 26, 2020)
8806 (October 26, 2020)
8807 (October 26, 2020)
8808 (October 26, 2020)
8809 (October 26, 2020)
8810 (October 26, 2020)
8812 (October 26, 2020)
8813 (October 26, 2020)
8815 (October 26, 2020)
8816 (October 26, 2020)
 (October 27, 2020)
 (October 27, 2020)
8820 (October 27, 2020)
8821 (October 27, 2020)
8822 (October 27, 2020)
8823 (October 27, 2020)
8824 (October 27, 2020)
8825 (October 27, 2020)
8826 (October 27, 2020)
8832 (October 27, 2020)
8835 (October 27, 2020)
8841 (October 27, 2020)
8846 (October 27, 2020)
8848 (October 27, 2020)
8849 (October 27, 2020)
8850 (October 28, 2020)
8851 (October 28, 2020)
8852 (October 28, 2020)
8853 (October 28, 2020)
8854 (October 28, 2020)
8856 (October 28, 2020)
8858 (October 28, 2020)
8860 (October 28, 2020)
8861 (October 28, 2020)
8862 (October 28, 2020)
8863 (October 28, 2020)
8865 (October 28, 2020)
8866 (October 28, 2020)
8867 (October 28, 2020)
8868 (October 28, 2020)
8869 (October 28, 2020)
8870 (October 28, 2020)
8871 (October 28, 2020)
8872 (October 28, 2020)
8873 (October 28, 2020)
8874 (October 28, 2020)
8875 (October 28, 2020)
8876 (October 28, 2020)
8877 (October 28, 2020)
8878 (October 28, 2020)
8879 (October 28, 2020)
8880 (October 28, 2020)
8881 (October 28, 2020)
8882 (October 28, 2020)
8883 (October 28, 2020)
8884 (October 28, 2020)
8886 (October 28, 2020)
8887 (October 28, 2020)
8888 (October 28, 2020)
8890 (October 28, 2020)
8891 (October 28, 2020)
8892 (October 28, 2020)
8893 (October 28, 2020)
8894 (October 28, 2020)
8895 (October 28, 2020)
8896 (October 28, 2020)
8897 (October 28, 2020)
8898 (October 28, 2020)
8899 (October 28, 2020)
8900 (October 29, 2020)
8901 (October 29, 2020)
8902 (October 29, 2020)
8903 (October 29, 2020)
8904 (October 29, 2020)
8905 (October 29, 2020)
8906 (October 29, 2020)
8907 (October 29, 2020)
8908 (October 29, 2020)
8909 (October 29, 2020)
8910 (October 29, 2020)
8911 (October 29, 2020)
8912 (October 29, 2020)
8913 (October 29, 2020)
8914 (October 29, 2020)
8915 (October 29, 2020)
8916 (October 29, 2020)
8917 (October 29, 2020)
8918 (October 29, 2020)
8919 (October 29, 2020)
8929 (October 29, 2020)
8928 (October 29, 2020)
 (October 29, 2020)
8926 (October 29, 2020)
8925 (October 29, 2020)
8920 (October 29, 2020)
8921 (October 29, 2020)
8922 (October 29, 2020)
8923 (October 29, 2020)
8924 (October 29, 2020)
 (October 29, 2020)
 (October 29, 2020)
8927 (October 29, 2020)
8968 (November 18, 2020)
9058 (November 18, 2020)
8972 (November 18, 2020)
8971 (November 18, 2020)
8969 (November 18, 2020)
9083 (December 28, 2020)
9095 (December 28, 2020)
9063 (December 28, 2020)
8934 (December 28, 2020)
9139 (December 28, 2020)
9093 (December 28, 2020)
8951 (December 28, 2020)
 (December 28, 2020)
9055 (December 28, 2020)
8977 (December 28, 2020)
9096 (December 28, 2020)
9068 (December 28, 2020)
9120 (December 28, 2020)
 (December 28, 2020)
9118 (December 28, 2020)
9059 (December 28, 2020)
 (December 28, 2020)
8953 (December 28, 2020)
 (December 28, 2020)
8988 (December 28, 2020)
9053 (December 28, 2020)
9098 (December 28, 2020)
9057 (December 28, 2020)
 (December 28, 2020)
9126 (December 28, 2020)
8990 (December 28, 2020)
 (December 28, 2020)
8978 (December 28, 2020)
9069 (December 28, 2020)
9087 (December 28, 2020)
8958 (December 28, 2020)
 (December 28, 2020)
9067 (December 28, 2020)
9064 (December 28, 2020)
8935 (December 28, 2020)
9085 (December 28, 2020)
9128 (December 28, 2020)
8956 (December 28, 2020)
8964 (December 28, 2020)
9099 (December 28, 2020)
9073 (December 28, 2020)
9070 (December 28, 2020)
9092 (December 28, 2020)
9129 (December 28, 2020)
8986 (December 28, 2020)
8942 (December 28, 2020)
 (December 28, 2020)
9097 (December 28, 2020)
8981 (December 28, 2020)
9076 (December 28, 2020)
 (December 28, 2020)
9082 (December 28, 2020)
 (December 28, 2020)
 (December 28, 2020)
8946 (December 28, 2020)
 (December 28, 2020)
9117 (December 28, 2020)
 (December 28, 2020)
8941 (December 28, 2020)
8989 (December 28, 2020)
9075 (December 28, 2020)
9116 (December 28, 2020)
 (December 28, 2020)
9077 (December 28, 2020)
 (December 28, 2020)
9107 (December 28, 2020)
9049 (December 28, 2020)
9048 (December 28, 2020)
9094 (December 28, 2020)
9086 (December 28, 2020)
 (December 28, 2020)
9101 (December 28, 2020)
9127 (December 28, 2020)
8955 (December 28, 2020)
 (December 28, 2020)
9050 (December 29, 2020)
9110 (December 29, 2020)
8983 (December 29, 2020)
 (December 29, 2020)
9134 (December 29, 2020)
9135 (December 29, 2020)
9143 (December 29, 2020)
9136 (December 29, 2020)
9133 (December 29, 2020)
9132 (December 29, 2020)
9144 (December 29, 2020)
9145 (December 29, 2020)
9138 (December 29, 2020)
9037 (December 29, 2020)
9138 (December 29, 2020)
9138 (December 29, 2020)
9102 (December 29, 2020)
9109 (December 29, 2020)
9118 (December 29, 2020)
 (December 29, 2020)
8975 (December 29, 2020)
9071 (December 30, 2020)
8976 (December 30, 2020)
 (December 30, 2020)
9079 (December 30, 2020)
 (December 30, 2020)
 (December 30, 2020)
9108 (December 30, 2020)
 (December 30, 2020)
8980 (December 30, 2020)
8956 (December 30, 2020)
9088 (December 30, 2020)
9140 (December 30, 2020)
 (December 30, 2020)
8987 (December 30, 2020)
9085 (December 30, 2020)
9113 (December 30, 2020)
9061 (December 30, 2020)
 (December 30, 2020)
8973 (December 30, 2020)
9091 (December 30, 2020)
9065 (December 30, 2020)
 (December 30, 2020)
9137 (December 30, 2020)
9131 (December 30, 2020)
9106 (December 30, 2020)
9112 (December 30, 2020)
 (December 31, 2020)
 (December 31, 2020)
9122 (December 31, 2020)
8985 (December 31, 2020)
8957 (December 31, 2020)
 (December 31, 2020)
 (December 31, 2020)
9072 (December 31, 2020)
9123 (December 31, 2020)
9084 (December 31, 2020)
9062 (December 31, 2020)
8982 (December 31, 2020)
9038 (December 31, 2020)
 (December 31, 2020)
9114 (December 31, 2020)
9074 (December 31, 2020)
9124 (December 31, 2020)
9090 (December 31, 2020)
9125 (December 31, 2020)
9129 (December 31, 2020)
9111 (December 31, 2020)
 (December 31, 2020)
 (December 31, 2020)
8825 (December 31, 2020)
 (December 31, 2020)
8582 (December 31, 2020)
8945 (December 31, 2020)
9103 (December 31, 2020)
8751 (January 1, 2021)
 (January 1, 2021)
 (January 1, 2021)
9130 (January 1, 2021)
 (January 1, 2021)
8984 (January 1, 2021)
 (January 1, 2021)
9120 (January 1, 2021)
8930 (January 1, 2021)
9100 (January 1, 2021)
 (January 1, 2021)
8970 (January 1, 2021)
 (January 1, 2021)
9059 (January 1, 2021)
 (January 1, 2021)
9081 (January 1, 2021)
9053 (January 1, 2021)
9121 (January 1, 2021)
8560 (January 1, 2021)
9115 (January 1, 2021)
 (January 1, 2021)
9127 (January 2, 2021)
8933 (January 2, 2021)
9104 (January 2, 2021)
9056 (January 2, 2021)
8794 (January 2, 2021)
8517 (January 3, 2021)
8561 (January 3, 2021)
8843 (January 3, 2021)
8596 (January 4, 2021)
8713 (January 6, 2021)
8511 (January 8, 2021)
8845 (January 8, 2021)
8495 (January 8, 2021)
8822 (January 10, 2021)
8534 (January 10, 2021)
1762 (February 21, 2021)
 (March 29, 2021)
 (March 29, 2021)
 (March 29, 2021)
8931 (April 3, 2021)
8932 (April 3, 2021)
8936 (April 20, 2021)
8937 (April 20, 2021)
8938 (April 20, 2021)
8940 (April 20, 2021)
8943 (April 20, 2021)
8944 (April 20, 2021)
8947 (April 20, 2021)
8948 (April 20, 2021)
8949 (April 20, 2021)
8950 (April 20, 2021)
8952 (April 20, 2021)
8954 (April 20, 2021)
8959 (April 20, 2021)
8960 (April 20, 2021)
8961 (April 20, 2021)
8962 (April 20, 2021)
8963 (April 20, 2021)
8965 (April 20, 2021)
8966 (April 20, 2021)
8967 (April 20, 2021)
8974 (April 20, 2021)
8979 (April 20, 2021)
 (April 20, 2021)
 (April 20, 2021)
 (April 20, 2021)
 (April 20, 2021)
 (April 20, 2021)
 (April 20, 2021)
 (April 20, 2021)
 (April 20, 2021)
 (April 20, 2021)
 (April 20, 2021)
 (April 20, 2021)
8991 (April 20, 2021)
8992 (April 20, 2021)
8993 (April 20, 2021)
8995 (April 20, 2021)
8996 (April 20, 2021)
8997 (April 20, 2021)
8998 (April 20, 2021)
8999 (April 20, 2021)
9000 (April 20, 2021)
9001 (April 20, 2021)
9002 (April 20, 2021)
9003 (April 20, 2021)
9004 (April 20, 2021)
9005 (April 20, 2021)
9006 (April 20, 2021)
9007 (April 20, 2021)
9008 (April 23, 2021)
9009 (April 23, 2021)
9010 (April 23, 2021)
9011 (April 23, 2021)
9012 (April 23, 2021)
9013 (April 23, 2021)
9014 (April 23, 2021)
9015 (April 23, 2021)
9016 (April 23, 2021)
9017 (April 23, 2021)
9018 (April 23, 2021)
9019 (April 23, 2021)
9020 (April 23, 2021)
9021 (April 23, 2021)
9022 (April 23, 2021)
9023 (April 23, 2021)
9024 (April 23, 2021)
9025 (April 23, 2021)
9026 (April 23, 2021)
9028 (April 23, 2021)
9029 (April 23, 2021)
9030 (April 23, 2021)
9031 (April 23, 2021)
9032 (April 23, 2021)
9033 (April 23, 2021)
9034 (April 23, 2021)
9035 (April 23, 2021)
9036 (April 23, 2021)
9058 (April 23, 2021)
9078 (April 23, 2021)
9080 (April 23, 2021)
9141 (April 23, 2021)
9146 (April 23, 2021)
9147 (April 23, 2021)
9148 (April 23, 2021)
9149 (April 23, 2021)
9150 (April 23, 2021)
9151 (April 23, 2021)
9152 (April 23, 2021)
9153 (April 23, 2021)
9154 (April 23, 2021)
9155 (April 23, 2021)
9157 (April 23, 2021)
9158 (April 23, 2021)
9159 (April 23, 2021)
9160 (April 23, 2021)
9161 (April 23, 2021)
9162 (April 23, 2021)
9163 (April 23, 2021)
9164 (April 23, 2021)
9165 (April 23, 2021)
9166 (April 23, 2021)
9167 (April 23, 2021)
9168 (April 23, 2021)
9364 (April 23, 2021)
9169 (April 23, 2021)
9170 (April 23, 2021)
9171 (April 23, 2021)
9172 (April 23, 2021)
9173 (April 23, 2021)
9174 (April 23, 2021)
9175 (April 23, 2021)
9176 (April 23, 2021)
9177 (April 23, 2021)
9178 (April 23, 2021)
9179 (April 23, 2021)
9180 (May 7, 2021)
9181 (May 7, 2021)
9182 (May 7, 2021)
9183 (May 7, 2021)
9184 (May 7, 2021)
9185 (May 7, 2021)
9187 (May 7, 2021)
9188 (May 7, 2021)
9189 (May 7, 2021)
9190 (May 7, 2021)
9191 (May 7, 2021)
9192 (May 7, 2021)
9193 (May 7, 2021)
9194 (May 7, 2021)
9195 (May 7, 2021)
9196 (May 7, 2021)
9197 (May 7, 2021)
9198 (May 7, 2021)
9199 (May 7, 2021)
9200 (May 7, 2021)
9201 (May 7, 2021)
9201 (May 7, 2021)
9201 (May 7, 2021)
9201 (May 7, 2021)
9201 (May 7, 2021)
9201 (May 7, 2021)
9201 (May 7, 2021)
9201 (May 7, 2021)
9201 (May 7, 2021)
9201 (May 7, 2021)
9201 (May 7, 2021)
9201 (May 7, 2021)
9201 (May 7, 2021)
9201 (May 7, 2021)
9201 (May 7, 2021)
9201 (May 7, 2021)
9201 (May 7, 2021)
9201 (May 7, 2021)
9201 (May 7, 2021)
9201 (May 7, 2021)
9201 (May 7, 2021)
9201 (May 7, 2021)
9201 (May 7, 2021)
9201 (May 7, 2021)
9201 (May 7, 2021)
9201 (May 7, 2021)
9201 (May 7, 2021)
9201 (May 7, 2021)
9201 (May 7, 2021)
9201 (May 7, 2021)
9201 (May 7, 2021)
9201 (May 7, 2021)
9201 (May 7, 2021)
9201 (May 7, 2021)
9201 (May 7, 2021)
9201 (May 7, 2021)
9201 (May 7, 2021)
9201 (May 7, 2021)
9201 (May 7, 2021)
9201 (May 7, 2021)
9201 (May 7, 2021)
9202 (May 7, 2021)
9203 (May 7, 2021)
9201 (May 7, 2021)
9201 (May 7, 2021)
9204 (May 7, 2021)
9205 (May 7, 2021)
9206 (May 7, 2021)
9207 (May 7, 2021)
9208 (May 7, 2021)
9209 (May 7, 2021)
9212 (May 7, 2021)
9213 (May 7, 2021)
9214 (May 7, 2021)
9215 (May 7, 2021)
9216 (May 7, 2021)
9383 (May 7, 2021)
9382 (May 7, 2021)
9381 (May 7, 2021)
 (May 7, 2021)
 (May 7, 2021)
 (May 7, 2021)
9217 (May 7, 2021)
9201 (May 7, 2021)
9218 (May 7, 2021)
9219 (May 7, 2021)
9220 (May 7, 2021)
9221 (May 7, 2021)
9222 (May 7, 2021)
9223 (May 7, 2021)
9224 (May 7, 2021)
9225 (May 7, 2021)
9226 (May 7, 2021)
9227 (May 7, 2021)
9228 (May 7, 2021)
9229 (May 7, 2021)
9230 (May 7, 2021)
9231 (May 7, 2021)
9232 (May 7, 2021)
9201 (May 7, 2021)
9233 (May 7, 2021)
9234 (May 7, 2021)
9235 (May 7, 2021)
9236 (May 7, 2021)
9238 (May 7, 2021)
9239 (May 7, 2021)
9240 (May 7, 2021)
9241 (May 7, 2021)
9242 (May 7, 2021)
9243 (May 7, 2021)
9244 (May 7, 2021)
9245 (May 7, 2021)
9246 (May 7, 2021)
9247 (May 7, 2021)
9248 (May 7, 2021)
9249 (May 7, 2021)
9250 (May 7, 2021)
9251 (May 7, 2021)
9252 (May 7, 2021)
9253 (May 7, 2021)
9254 (May 7, 2021)
9255 (May 7, 2021)
9256 (May 7, 2021)
9257 (May 7, 2021)
9258 (May 7, 2021)
9259 (May 7, 2021)
9260 (May 7, 2021)
9261 (May 7, 2021)
9262 (May 7, 2021)
9263 (May 7, 2021)
9264 (May 7, 2021)
9265 (May 7, 2021)
9266 (May 7, 2021)
9267 (May 7, 2021)
9268 (May 7, 2021)
9269 (May 7, 2021)
9270 (May 7, 2021)
9271 (May 7, 2021)
9272 (May 7, 2021)
9273 (May 7, 2021)
9274 (May 7, 2021)
9275 (May 7, 2021)
9276 (May 7, 2021)
9278 (May 7, 2021)
9279 (May 7, 2021)
9280 (May 7, 2021)
9281 (May 7, 2021)
9282 (May 7, 2021)
9283 (May 7, 2021)
9284 (May 7, 2021)
9285 (May 7, 2021)
9286 (May 7, 2021)
9287 (May 7, 2021)
9289 (May 7, 2021)
9290 (May 7, 2021)
9291 (May 7, 2021)
9292 (May 7, 2021)
9293 (May 7, 2021)
9294 (May 7, 2021)
9295 (May 7, 2021)
9296 (May 7, 2021)
9297 (May 7, 2021)
9298 (May 7, 2021)
9299 (May 7, 2021)
9300 (May 7, 2021)
9201 (May 7, 2021)
9180 (May 7, 2021)
9181 (May 7, 2021)
9182 (May 7, 2021)
9183 (May 7, 2021)
9184 (May 7, 2021)
9185 (May 7, 2021)
9187 (May 7, 2021)
9188 (May 7, 2021)
9189 (May 7, 2021)
9190 (May 7, 2021)
9191 (May 7, 2021)
9192 (May 7, 2021)
9193 (May 7, 2021)
9194 (May 7, 2021)
9195 (May 7, 2021)
9196 (May 7, 2021)
9197 (May 7, 2021)
9198 (May 7, 2021)
9199 (May 7, 2021)
9200 (May 7, 2021)
9202 (May 7, 2021)
9203 (May 7, 2021)
9204 (May 7, 2021)
9205 (May 7, 2021)
9206 (May 7, 2021)
9207 (May 7, 2021)
9208 (May 7, 2021)
9209 (May 7, 2021)
9212 (May 7, 2021)
9213 (May 7, 2021)
9214 (May 7, 2021)
9215 (May 7, 2021)
9216 (May 7, 2021)
9217 (May 7, 2021)
9218 (May 7, 2021)
9219 (May 7, 2021)
9220 (May 7, 2021)
9221 (May 7, 2021)
9222 (May 7, 2021)
9223 (May 7, 2021)
9224 (May 7, 2021)
9225 (May 7, 2021)
9226 (May 7, 2021)
9227 (May 7, 2021)
9228 (May 7, 2021)
9229 (May 7, 2021)
9230 (May 7, 2021)
9231 (May 7, 2021)
9232 (May 7, 2021)
9233 (May 7, 2021)
9234 (May 7, 2021)
9235 (May 7, 2021)
9236 (May 7, 2021)
9238 (May 7, 2021)
9239 (May 7, 2021)
9240 (May 7, 2021)
9241 (May 7, 2021)
9242 (May 7, 2021)
9243 (May 7, 2021)
9244 (May 7, 2021)
9245 (May 7, 2021)
9246 (May 7, 2021)
9247 (May 7, 2021)
9248 (May 7, 2021)
9249 (May 7, 2021)
9250 (May 7, 2021)
9251 (May 7, 2021)
9252 (May 7, 2021)
9253 (May 7, 2021)
9254 (May 7, 2021)
9255 (May 7, 2021)
9256 (May 7, 2021)
9257 (May 7, 2021)
9258 (May 7, 2021)
9259 (May 7, 2021)
9260 (May 7, 2021)
9261 (May 7, 2021)
9262 (May 7, 2021)
9263 (May 7, 2021)
9264 (May 7, 2021)
9265 (May 7, 2021)
9266 (May 7, 2021)
9267 (May 7, 2021)
9268 (May 7, 2021)
9269 (May 7, 2021)
9270 (May 7, 2021)
9271 (May 7, 2021)
9272 (May 7, 2021)
9273 (May 7, 2021)
9274 (May 7, 2021)
9275 (May 7, 2021)
9201 (May 7, 2021)
8834 (October 27, 2021)
8822 (October 27, 2021)
8621 (October 27, 2021)
8828 (October 27, 2021)
8566 (October 27, 2021)
8552 (October 28, 2021)
 (October 28, 2021)
8833 (October 28, 2021)
8819 (October 28, 2021)
8600 (October 29, 2021)
8511 (October 30, 2021)
8838 (October 31, 2021)
8536 (October 31, 2021)
8825 (October 31, 2021)
8582 (October 31, 2021)
8821 (October 31, 2021)
8829 (November 1, 2021)
8819 (December 11, 2021)
8566 (December 13, 2021)
8822 (December 13, 2021)
8511 (December 13, 2021)
8600 (December 13, 2021)
8825 (December 14, 2021)
8520 (December 14, 2021)
8526 (December 14, 2021)
8838 (December 14, 2021)
8576 (December 15, 2021)
8596 (December 15, 2021)
8536 (December 15, 2021)
8833 (December 16, 2021)
8512 (December 16, 2021)
8517 (December 17, 2021)
8845 (December 18, 2021)
8621 (December 18, 2021)
8821 (December 19, 2021)
8552 (December 19, 2021)
8561 (December 20, 2021)
8567 (December 20, 2021)
8828 (December 21, 2021)
8499 (December 23, 2021)
1386 (December 24, 2021)
8534 (December 28, 2021)
8831 (December 30, 2021)
8829 (December 31, 2021)
8553 (December 31, 2021)
8572 (January 1, 2022)
8837 (January 4, 2022)
8582 (January 6, 2022)
 (January 7, 2022)
8833 (January 9, 2022)
8576 (January 10, 2022)
8561 (January 11, 2022)
8838 (January 11, 2022)
8819 (January 12, 2022)
8512 (January 13, 2022)
8825 (January 13, 2022)
8821 (January 13, 2022)
8566 (January 14, 2022)
8845 (January 15, 2022)
8828 (January 15, 2022)
8600 (January 16, 2022)
8520 (January 16, 2022)
8567 (January 17, 2022)
 (January 20, 2022)
 (January 20, 2022)
 (January 20, 2022)
 (January 20, 2022)
 (January 20, 2022)
9051 (January 21, 2022)
9276 (January 21, 2022)
9278 (January 21, 2022)
9279 (January 21, 2022)
9280 (January 21, 2022)
9281 (January 21, 2022)
9282 (January 21, 2022)
9283 (January 21, 2022)
9284 (January 21, 2022)
9285 (January 21, 2022)
9286 (January 21, 2022)
9287 (January 21, 2022)
9289 (January 21, 2022)
9291 (January 21, 2022)
9292 (January 21, 2022)
9293 (January 21, 2022)
9294 (January 21, 2022)
9295 (January 21, 2022)
9296 (January 21, 2022)
9297 (January 21, 2022)
9298 (January 21, 2022)
9299 (January 21, 2022)
9300 (January 21, 2022)
9301 (January 21, 2022)
9302 (January 21, 2022)
9303 (January 21, 2022)
9305 (January 21, 2022)
9307 (January 21, 2022)
9308 (January 21, 2022)
9310 (January 21, 2022)
9315 (January 21, 2022)
9316 (January 21, 2022)
9317 (January 21, 2022)
9319 (January 21, 2022)
9320 (January 21, 2022)
9321 (January 21, 2022)
9322 (January 21, 2022)
9323 (January 21, 2022)
9324 (January 21, 2022)
9325 (January 21, 2022)
9326 (January 21, 2022)
9327 (January 21, 2022)
9328 (January 21, 2022)
9329 (January 21, 2022)
9330 (January 21, 2022)
9331 (January 21, 2022)
9332 (January 21, 2022)
9333 (January 21, 2022)
9334 (January 21, 2022)
9335 (January 21, 2022)
9336 (January 21, 2022)
9337 (January 21, 2022)
9338 (January 21, 2022)
9339 (January 21, 2022)
9340 (January 21, 2022)
9341 (January 21, 2022)
9342 (January 21, 2022)
9343 (January 21, 2022)
9344 (January 21, 2022)
9345 (January 21, 2022)
9346 (January 21, 2022)
9347 (January 21, 2022)
9348 (January 21, 2022)
9349 (January 21, 2022)
8511 (January 22, 2022)
9350 (January 22, 2022)
9351 (January 22, 2022)
9352 (January 22, 2022)
9353 (January 22, 2022)
9354 (January 22, 2022)
9355 (January 22, 2022)
9356 (January 22, 2022)
9357 (January 22, 2022)
9358 (January 22, 2022)
9359 (January 22, 2022)
9360 (January 22, 2022)
9361 (January 22, 2022)
9362 (January 22, 2022)
9363 (January 22, 2022)
9365 (January 22, 2022)
9366 (January 22, 2022)
9367 (January 22, 2022)
9368 (January 22, 2022)
9369 (January 22, 2022)
9370 (January 22, 2022)
9371 (January 22, 2022)
9372 (January 22, 2022)
9373 (January 22, 2022)
9374 (January 22, 2022)
9375 (January 22, 2022)
9376 (January 22, 2022)
9377 (January 22, 2022)
9379 (January 22, 2022)
 (January 22, 2022)
 (January 22, 2022)
9381 (January 22, 2022)
9382 (January 22, 2022)
9383 (January 22, 2022)
9384 (January 22, 2022)
9385 (January 22, 2022)
9386 (January 22, 2022)
9387 (January 22, 2022)
9388 (January 22, 2022)
9389 (January 22, 2022)
9390 (January 22, 2022)
9391 (January 22, 2022)
9392 (January 22, 2022)
9393 (January 22, 2022)
9395 (January 22, 2022)
9396 (January 22, 2022)
9397 (January 22, 2022)
9398 (January 22, 2022)
9399 (January 22, 2022)
9400 (January 22, 2022)
9401 (January 22, 2022)
9402 (January 22, 2022)
9403 (January 22, 2022)
9404 (January 22, 2022)
9405 (January 22, 2022)
 (January 22, 2022)
9406 (January 22, 2022)
 (January 22, 2022)
9380 (January 22, 2022)
9407 (January 22, 2022)
9408 (January 22, 2022)
9409 (January 22, 2022)
9410 (January 22, 2022)
9411 (January 22, 2022)
9412 (January 22, 2022)
9413 (January 22, 2022)
9414 (January 22, 2022)
9415 (January 22, 2022)
9416 (January 22, 2022)
9417 (January 22, 2022)
9418 (January 22, 2022)
9420 (January 22, 2022)
9421 (January 22, 2022)
9422 (January 22, 2022)
9423 (January 22, 2022)
9424 (January 22, 2022)
9425 (January 22, 2022)
9426 (January 22, 2022)
9427 (January 22, 2022)
9428 (January 22, 2022)
9429 (January 22, 2022)
9430 (January 22, 2022)
9431 (January 22, 2022)
9432 (January 22, 2022)
9433 (January 22, 2022)
9434 (January 22, 2022)
9435 (January 22, 2022)
9436 (January 22, 2022)
9437 (January 22, 2022)
9438 (January 22, 2022)
9439 (January 22, 2022)
9440 (January 22, 2022)
9441 (January 22, 2022)
 (January 22, 2022)
 (January 22, 2022)
 (January 22, 2022)
 (January 22, 2022)
9444 (January 22, 2022)
9445 (January 22, 2022)
9446 (January 22, 2022)
9447 (January 22, 2022)
9448 (January 22, 2022)
9449 (January 22, 2022)
9450 (January 22, 2022)
9451 (January 22, 2022)
9452 (January 22, 2022)
9453 (January 22, 2022)
9454 (January 22, 2022)
9455 (January 22, 2022)
9456 (January 22, 2022)
9457 (January 22, 2022)
9458 (January 22, 2022)
9459 (January 22, 2022)
9460 (January 22, 2022)
9461 (January 22, 2022)
9462 (January 22, 2022)
9464 (January 22, 2022)
9465 (January 22, 2022)
9467 (January 22, 2022)
9468 (January 22, 2022)
9470 (January 22, 2022)
 (January 22, 2022)
9471 (January 22, 2022)
9472 (January 22, 2022)
9473 (January 22, 2022)
9474 (January 22, 2022)
9475 (January 22, 2022)
9476 (January 22, 2022)
9477 (January 22, 2022)
9478 (January 22, 2022)
9479 (January 22, 2022)
9480 (January 22, 2022)
9481 (January 22, 2022)
9483 (January 22, 2022)
9484 (January 22, 2022)
9485 (January 22, 2022)
9486 (January 22, 2022)
9487 (January 22, 2022)
9488 (January 22, 2022)
9489 (January 22, 2022)
9490 (January 22, 2022)
9491 (January 22, 2022)
9492 (January 22, 2022)
9493 (January 22, 2022)
9494 (January 22, 2022)
9495 (January 22, 2022)
9496 (January 22, 2022)
9498 (January 22, 2022)
9499 (January 22, 2022)
9500 (January 22, 2022)
9501 (January 22, 2022)
9502 (January 22, 2022)
9503 (January 22, 2022)
9504 (January 22, 2022)
9505 (January 22, 2022)
9506 (January 22, 2022)
9507 (January 22, 2022)
9508 (January 22, 2022)
9509 (January 22, 2022)
9510 (January 22, 2022)
9512 (January 22, 2022)
9513 (January 22, 2022)
9514 (January 22, 2022)
9515 (January 22, 2022)
9516 (January 22, 2022)
9517 (January 22, 2022)
9518 (January 22, 2022)
9519 (January 22, 2022)
9521 (January 22, 2022)
9522 (January 22, 2022)
9523 (January 22, 2022)
9524 (January 22, 2022)
9525 (January 22, 2022)
9526 (January 22, 2022)
9527 (January 22, 2022)
9528 (January 22, 2022)
9529 (January 22, 2022)
9530 (January 22, 2022)
9531 (January 22, 2022)
9532 (January 22, 2022)
9533 (January 22, 2022)
9534 (January 22, 2022)
9535 (January 22, 2022)
9536 (January 22, 2022)
9537 (January 22, 2022)
9538 (January 22, 2022)
9539 (January 22, 2022)
9540 (January 22, 2022)
9541 (January 22, 2022)
9542 (January 22, 2022)
9543 (January 22, 2022)
9544 (January 22, 2022)
9545 (January 22, 2022)
9546 (January 22, 2022)
9547 (January 22, 2022)
9548 (January 22, 2022)
9549 (January 22, 2022)
9550 (January 22, 2022)
9551 (January 22, 2022)
9552 (January 22, 2022)
9553 (January 22, 2022)
9554 (January 22, 2022)
9562 (January 22, 2022)
9561 (January 22, 2022)
9560 (January 22, 2022)
9559 (January 22, 2022)
9558 (January 22, 2022)
9556 (January 22, 2022)
9555 (January 22, 2022)
9569 (January 22, 2022)
9568 (January 22, 2022)
9567 (January 22, 2022)
9565 (January 22, 2022)
9564 (January 22, 2022)
9563 (January 22, 2022)
9557 (January 22, 2022)
9566 (January 22, 2022)
9580 (January 22, 2022)
9579 (January 22, 2022)
9577 (January 22, 2022)
9576 (January 22, 2022)
9575 (January 22, 2022)
9574 (January 22, 2022)
9572 (January 22, 2022)
9571 (January 22, 2022)
9588 (January 22, 2022)
9586 (January 22, 2022)
9585 (January 22, 2022)
9584 (January 22, 2022)
9583 (January 22, 2022)
9581 (January 22, 2022)
9578 (January 22, 2022)
9573 (January 22, 2022)
9582 (January 22, 2022)
9587 (January 22, 2022)
9597 (January 22, 2022)
9596 (January 22, 2022)
9595 (January 22, 2022)
9594 (January 22, 2022)
9593 (January 22, 2022)
9592 (January 22, 2022)
9590 (January 22, 2022)
9589 (January 22, 2022)
9606 (January 22, 2022)
9604 (January 22, 2022)
9603 (January 22, 2022)
9602 (January 22, 2022)
9601 (January 22, 2022)
9600 (January 22, 2022)
9598 (January 22, 2022)
9591 (January 22, 2022)
9614 (January 22, 2022)
9612 (January 22, 2022)
9611 (January 22, 2022)
9610 (January 22, 2022)
9609 (January 22, 2022)
9608 (January 22, 2022)
9605 (January 22, 2022)
9599 (January 22, 2022)
9622 (January 22, 2022)
9621 (January 22, 2022)
9620 (January 22, 2022)
9618 (January 22, 2022)
9617 (January 22, 2022)
9616 (January 22, 2022)
9615 (January 22, 2022)
9613 (January 22, 2022)
 (January 22, 2022)
9630 (January 22, 2022)
9629 (January 22, 2022)
9627 (January 22, 2022)
9626 (January 22, 2022)
9625 (January 22, 2022)
9624 (January 22, 2022)
9619 (January 22, 2022)
9607 (January 22, 2022)
9639 (January 22, 2022)
9638 (January 22, 2022)
9637 (January 22, 2022)
9635 (January 22, 2022)
9633 (January 22, 2022)
9632 (January 22, 2022)
9631 (January 22, 2022)
9628 (January 22, 2022)
 (January 22, 2022)
9648 (January 22, 2022)
9646 (January 22, 2022)
9645 (January 22, 2022)
9643 (January 22, 2022)
9642 (January 22, 2022)
9641 (January 22, 2022)
9640 (January 22, 2022)
9636 (January 22, 2022)
 (January 22, 2022)
9623 (January 22, 2022)
9644 (January 22, 2022)
9649 (January 22, 2022)
9650 (January 22, 2022)
9651 (January 22, 2022)
9652 (January 22, 2022)
9653 (January 22, 2022)
9654 (January 22, 2022)
9655 (January 22, 2022)
9656 (January 22, 2022)
9657 (January 22, 2022)
9658 (January 22, 2022)
9659 (January 22, 2022)
9660 (January 22, 2022)
9662 (January 22, 2022)
9663 (January 22, 2022)
9664 (January 22, 2022)
9674 (January 22, 2022)
9673 (January 22, 2022)
9672 (January 22, 2022)
9670 (January 22, 2022)
9669 (January 22, 2022)
9668 (January 22, 2022)
9667 (January 22, 2022)
9665 (January 22, 2022)
9666 (January 22, 2022)
9671 (January 22, 2022)
9675 (January 22, 2022)
9676 (January 22, 2022)
9677 (January 22, 2022)
9678 (January 22, 2022)
9679 (January 22, 2022)
9680 (January 22, 2022)
9681 (January 22, 2022)
9682 (January 22, 2022)
9683 (January 22, 2022)
9684 (January 22, 2022)
9685 (January 22, 2022)
9686 (January 22, 2022)
9687 (January 22, 2022)
9688 (January 22, 2022)
9689 (January 22, 2022)
9690 (January 22, 2022)
9691 (January 22, 2022)
9693 (January 22, 2022)
9694 (January 22, 2022)
9695 (January 22, 2022)
 (January 22, 2022)
9696 (January 22, 2022)
9697 (January 22, 2022)
9698 (January 22, 2022)
8536 (January 22, 2022)
 (January 23, 2022)
9700 (January 23, 2022)
9709 (January 23, 2022)
9707 (January 23, 2022)
9706 (January 23, 2022)
9705 (January 23, 2022)
9704 (January 23, 2022)
9702 (January 23, 2022)
9701 (January 23, 2022)
9703 (January 23, 2022)
9708 (January 23, 2022)
9710 (January 23, 2022)
9711 (January 23, 2022)
9712 (January 23, 2022)
9713 (January 23, 2022)
9714 (January 23, 2022)
9716 (January 23, 2022)
9717 (January 23, 2022)
9718 (January 23, 2022)
9719 (January 23, 2022)
9720 (January 23, 2022)
9721 (January 23, 2022)
9722 (January 23, 2022)
9723 (January 23, 2022)
9724 (January 23, 2022)
9726 (January 23, 2022)
9727 (January 23, 2022)
9728 (January 23, 2022)
9729 (January 23, 2022)
9730 (January 23, 2022)
9731 (January 23, 2022)
9732 (January 23, 2022)
9733 (January 23, 2022)
9734 (January 23, 2022)
9735 (January 23, 2022)
9736 (January 23, 2022)
9737 (January 23, 2022)
9738 (January 23, 2022)
9739 (January 23, 2022)
9740 (January 23, 2022)
9741 (January 23, 2022)
9742 (January 23, 2022)
9743 (January 23, 2022)
9744 (January 23, 2022)
9745 (January 23, 2022)
9746 (January 23, 2022)
9757 (January 23, 2022)
9756 (January 23, 2022)
9755 (January 23, 2022)
9753 (January 23, 2022)
9752 (January 23, 2022)
9751 (January 23, 2022)
9750 (January 23, 2022)
9749 (January 23, 2022)
 (January 23, 2022)
9766 (January 23, 2022)
9765 (January 23, 2022)
9763 (January 23, 2022)
9762 (January 23, 2022)
9760 (January 23, 2022)
9759 (January 23, 2022)
9758 (January 23, 2022)
9754 (January 23, 2022)
9747 (January 23, 2022)
 (January 23, 2022)
 (January 23, 2022)
9761 (January 23, 2022)
9776 (January 23, 2022)
9775 (January 23, 2022)
9772 (January 23, 2022)
9771 (January 23, 2022)
9770 (January 23, 2022)
9769 (January 23, 2022)
9768 (January 23, 2022)
 (January 23, 2022)
9785 (January 23, 2022)
9784 (January 23, 2022)
9781 (January 23, 2022)
9780 (January 23, 2022)
9779 (January 23, 2022)
9778 (January 23, 2022)
9777 (January 23, 2022)
9767 (January 23, 2022)
9793 (January 23, 2022)
9792 (January 23, 2022)
9791 (January 23, 2022)
9789 (January 23, 2022)
9788 (January 23, 2022)
9787 (January 23, 2022)
9786 (January 23, 2022)
9783 (January 23, 2022)
 (January 23, 2022)
9801 (January 23, 2022)
9800 (January 23, 2022)
9799 (January 23, 2022)
9797 (January 23, 2022)
9796 (January 23, 2022)
9795 (January 23, 2022)
9794 (January 23, 2022)
9790 (January 23, 2022)
 (January 23, 2022)
9812 (January 23, 2022)
9811 (January 23, 2022)
9809 (January 23, 2022)
9808 (January 23, 2022)
9807 (January 23, 2022)
9806 (January 23, 2022)
9805 (January 23, 2022)
9803 (January 23, 2022)
9802 (January 23, 2022)
9798 (January 23, 2022)
9773 (January 23, 2022)
9804 (January 23, 2022)
9825 (January 23, 2022)
9824 (January 23, 2022)
9822 (January 23, 2022)
9821 (January 23, 2022)
9820 (January 23, 2022)
9819 (January 23, 2022)
9818 (January 23, 2022)
9816 (January 23, 2022)
9815 (January 23, 2022)
9814 (January 23, 2022)
9813 (January 23, 2022)
9810 (January 23, 2022)
 (January 23, 2022)
9817 (January 23, 2022)
9837 (January 23, 2022)
9836 (January 23, 2022)
9835 (January 23, 2022)
9834 (January 23, 2022)
9833 (January 23, 2022)
9832 (January 23, 2022)
9829 (January 23, 2022)
9828 (January 23, 2022)
9826 (January 23, 2022)
9823 (January 23, 2022)
9827 (January 23, 2022)
9830 (January 23, 2022)
9849 (January 23, 2022)
9848 (January 23, 2022)
9847 (January 23, 2022)
9845 (January 23, 2022)
9846 (January 23, 2022)
9843 (January 23, 2022)
9842 (January 23, 2022)
9841 (January 23, 2022)
9840 (January 23, 2022)
9839 (January 23, 2022)
9862 (January 23, 2022)
9861 (January 23, 2022)
9859 (January 23, 2022)
9858 (January 23, 2022)
9856 (January 23, 2022)
9855 (January 23, 2022)
9853 (January 23, 2022)
9852 (January 23, 2022)
9851 (January 23, 2022)
9850 (January 23, 2022)
9844 (January 23, 2022)
9874 (January 23, 2022)
9872 (January 23, 2022)
9870 (January 23, 2022)
9869 (January 23, 2022)
9868 (January 23, 2022)
9867 (January 23, 2022)
9866 (January 23, 2022)
9864 (January 23, 2022)
9863 (January 23, 2022)
9860 (January 23, 2022)
9854 (January 23, 2022)
9838 (January 23, 2022)
 (January 23, 2022)
9886 (January 23, 2022)
9884 (January 23, 2022)
9883 (January 23, 2022)
9882 (January 23, 2022)
9881 (January 23, 2022)
9880 (January 23, 2022)
9878 (January 23, 2022)
9877 (January 23, 2022)
9879 (January 23, 2022)
9875 (January 23, 2022)
9871 (January 23, 2022)
9865 (January 23, 2022)
 (January 23, 2022)
9898 (January 23, 2022)
9896 (January 23, 2022)
9895 (January 23, 2022)
9894 (January 23, 2022)
9893 (January 23, 2022)
9892 (January 23, 2022)
9891 (January 23, 2022)
9889 (January 23, 2022)
9888 (January 23, 2022)
9887 (January 23, 2022)
9885 (January 23, 2022)
9876 (January 23, 2022)
9890 (January 23, 2022)
9897 (January 23, 2022)
 (January 23, 2022)
 (January 23, 2022)
 (January 23, 2022)
9442 (January 23, 2022)
9443 (January 23, 2022)
8831 (January 24, 2022)
8512 (January 25, 2022)
8837 (January 25, 2022)
8838 (January 25, 2022)
8561 (January 26, 2022)
8576 (January 27, 2022)
8517 (January 27, 2022)
8700 (January 27, 2022)
8600 (January 28, 2022)
8829 (January 28, 2022)
8845 (January 28, 2022)
8572 (January 28, 2022)
 (January 29, 2022)
8822 (January 29, 2022)
8621 (January 29, 2022)
8833 (January 29, 2022)
8534 (January 30, 2022)
8553 (January 30, 2022)
8819 (January 30, 2022)
8821 (January 30, 2022)
8499 (February 2, 2022)
8495 (February 6, 2022)
8811 (February 10, 2022)
8540 (February 11, 2022)
8567 (February 12, 2022)
8599 (February 12, 2022)
8596 (February 13, 2022)
8544 (February 13, 2022)
8618 (February 15, 2022)
8573 (February 16, 2022)
10000 (February 17, 2022)
9999 (February 17, 2022)
10005 (February 17, 2022)
10006 (February 17, 2022)
10007 (February 17, 2022)
10003 (February 17, 2022)
10002 (February 17, 2022)
10001 (February 17, 2022)
10008 (February 17, 2022)
10004 (February 17, 2022)
9963 (February 17, 2022)
9965 (February 17, 2022)
9960 (February 17, 2022)
9966 (February 17, 2022)
9962 (February 17, 2022)
9969 (February 17, 2022)
9967 (February 17, 2022)
9961 (February 17, 2022)
9968 (February 17, 2022)
9964 (February 17, 2022)
9913 (February 17, 2022)
9915 (February 17, 2022)
9910 (February 17, 2022)
9916 (February 17, 2022)
9912 (February 17, 2022)
9919 (February 17, 2022)
9917 (February 17, 2022)
9911 (February 17, 2022)
9918 (February 17, 2022)
9914 (February 17, 2022)
9899 (February 17, 2022)
9927 (February 17, 2022)
9923 (February 17, 2022)
9921 (February 17, 2022)
9925 (February 17, 2022)
9920 (February 17, 2022)
9926 (February 17, 2022)
9928 (February 17, 2022)
9922 (February 17, 2022)
9924 (February 17, 2022)
9929 (February 17, 2022)
9957 (February 17, 2022)
9951 (February 17, 2022)
9955 (February 17, 2022)
9950 (February 17, 2022)
9956 (February 17, 2022)
9958 (February 17, 2022)
9952 (February 17, 2022)
9954 (February 17, 2022)
9959 (February 17, 2022)
10010 (February 17, 2022)
10012 (February 17, 2022)
10011 (February 17, 2022)
9907 (February 17, 2022)
9903 (February 17, 2022)
9901 (February 17, 2022)
9905 (February 17, 2022)
9900 (February 17, 2022)
9906 (February 17, 2022)
9908 (February 17, 2022)
9902 (February 17, 2022)
9909 (February 17, 2022)
9857 (February 17, 2022)
9977 (February 17, 2022)
9973 (February 17, 2022)
9971 (February 17, 2022)
9975 (February 17, 2022)
9970 (February 17, 2022)
9976 (February 17, 2022)
9978 (February 17, 2022)
9972 (February 17, 2022)
9979 (February 17, 2022)
9937 (February 17, 2022)
9933 (February 17, 2022)
9931 (February 17, 2022)
9935 (February 17, 2022)
9930 (February 17, 2022)
9936 (February 17, 2022)
9938 (February 17, 2022)
9932 (February 17, 2022)
9939 (February 17, 2022)
9463 (February 17, 2022)
9987 (February 17, 2022)
9983 (February 17, 2022)
9981 (February 17, 2022)
9980 (February 17, 2022)
9986 (February 17, 2022)
9988 (February 17, 2022)
9982 (February 17, 2022)
9989 (February 17, 2022)
9997 (February 17, 2022)
9993 (February 17, 2022)
9991 (February 17, 2022)
9995 (February 17, 2022)
9996 (February 17, 2022)
9998 (February 17, 2022)
9992 (February 17, 2022)
9994 (February 17, 2022)
9947 (February 17, 2022)
9943 (February 17, 2022)
9941 (February 17, 2022)
9945 (February 17, 2022)
9940 (February 17, 2022)
9948 (February 17, 2022)
9942 (February 17, 2022)
9944 (February 17, 2022)
9949 (February 17, 2022)
8503 (February 17, 2022)
8526 (February 17, 2022)
8560 (February 17, 2022)
8631 (February 18, 2022)
8842 (February 18, 2022)
8846 (February 18, 2022)
10023 (February 22, 2022)
10020 (February 22, 2022)
10022 (February 22, 2022)
10021 (February 22, 2022)
10015 (February 22, 2022)
10016 (February 22, 2022)
10017 (February 22, 2022)
10013 (February 22, 2022)
10019 (February 22, 2022)
10018 (February 22, 2022)
10014 (February 22, 2022)
9977 (February 22, 2022)
9975 (February 22, 2022)
9933 (February 22, 2022)
9936 (February 22, 2022)
9463 (February 22, 2022)
9984 (February 22, 2022)
9996 (February 22, 2022)
10000 (February 26, 2022)
9999 (February 26, 2022)
10005 (February 26, 2022)
10006 (February 26, 2022)
10007 (February 26, 2022)
10003 (February 26, 2022)
10002 (February 26, 2022)
10001 (February 26, 2022)
10008 (February 26, 2022)
10004 (February 26, 2022)
9963 (February 26, 2022)
9965 (February 26, 2022)
9960 (February 26, 2022)
9966 (February 26, 2022)
9962 (February 26, 2022)
9969 (February 26, 2022)
9967 (February 26, 2022)
9961 (February 26, 2022)
9968 (February 26, 2022)
9964 (February 26, 2022)
9913 (February 26, 2022)
9915 (February 26, 2022)
9910 (February 26, 2022)
9916 (February 26, 2022)
9912 (February 26, 2022)
9919 (February 26, 2022)
9917 (February 26, 2022)
9911 (February 26, 2022)
9918 (February 26, 2022)
9914 (February 26, 2022)
10021 (February 26, 2022)
9899 (February 26, 2022)
9927 (February 26, 2022)
9923 (February 26, 2022)
9921 (February 26, 2022)
9925 (February 26, 2022)
9920 (February 26, 2022)
9926 (February 26, 2022)
9928 (February 26, 2022)
9922 (February 26, 2022)
9924 (February 26, 2022)
9929 (February 26, 2022)
9957 (February 26, 2022)
9951 (February 26, 2022)
9955 (February 26, 2022)
9950 (February 26, 2022)
9956 (February 26, 2022)
9958 (February 26, 2022)
9952 (February 26, 2022)
9954 (February 26, 2022)
9959 (February 26, 2022)
10010 (February 26, 2022)
10012 (February 26, 2022)
10011 (February 26, 2022)
9907 (February 26, 2022)
9903 (February 26, 2022)
9901 (February 26, 2022)
9905 (February 26, 2022)
9900 (February 26, 2022)
9906 (February 26, 2022)
9908 (February 26, 2022)
9902 (February 26, 2022)
9909 (February 26, 2022)
9857 (February 26, 2022)
9973 (February 26, 2022)
9971 (February 26, 2022)
9970 (February 26, 2022)
9976 (February 26, 2022)
9978 (February 26, 2022)
9972 (February 26, 2022)
9979 (February 26, 2022)
9937 (February 26, 2022)
9931 (February 26, 2022)
9935 (February 26, 2022)
9930 (February 26, 2022)
9938 (February 26, 2022)
9932 (February 26, 2022)
9939 (February 26, 2022)
9987 (February 26, 2022)
9983 (February 26, 2022)
9981 (February 26, 2022)
9980 (February 26, 2022)
9986 (February 26, 2022)
9988 (February 26, 2022)
9982 (February 26, 2022)
9989 (February 26, 2022)
9997 (February 26, 2022)
9993 (February 26, 2022)
9991 (February 26, 2022)
9995 (February 26, 2022)
9998 (February 26, 2022)
9992 (February 26, 2022)
9994 (February 26, 2022)
9947 (February 26, 2022)
9943 (February 26, 2022)
9941 (February 26, 2022)
9945 (February 26, 2022)
9940 (February 26, 2022)
9948 (February 26, 2022)
9942 (February 26, 2022)
9944 (February 26, 2022)
9949 (February 26, 2022)
8548 (February 27, 2022)
9960 (March 3, 2022)
10023 (March 3, 2022)
10020 (March 3, 2022)
10022 (March 3, 2022)
10015 (March 3, 2022)
10016 (March 3, 2022)
10017 (March 3, 2022)
10013 (March 3, 2022)
10019 (March 3, 2022)
10018 (March 3, 2022)
10014 (March 3, 2022)
9906 (March 3, 2022)
9977 (March 3, 2022)
9975 (March 3, 2022)
9933 (March 3, 2022)
9936 (March 3, 2022)
9463 (March 3, 2022)
9984 (March 3, 2022)
9997 (March 3, 2022)
9996 (March 3, 2022)
8520 (March 12, 2022)
10000 (March 12, 2022)
9999 (March 12, 2022)
10005 (March 12, 2022)
10006 (March 12, 2022)
10007 (March 12, 2022)
10003 (March 12, 2022)
10002 (March 12, 2022)
10001 (March 12, 2022)
10008 (March 12, 2022)
10004 (March 12, 2022)
9963 (March 12, 2022)
9965 (March 12, 2022)
9960 (March 12, 2022)
9966 (March 12, 2022)
9962 (March 12, 2022)
9969 (March 12, 2022)
9967 (March 12, 2022)
9961 (March 12, 2022)
9968 (March 12, 2022)
9964 (March 12, 2022)
9913 (March 12, 2022)
9915 (March 12, 2022)
9910 (March 12, 2022)
9916 (March 12, 2022)
9912 (March 12, 2022)
9919 (March 12, 2022)
9917 (March 12, 2022)
9911 (March 12, 2022)
9918 (March 12, 2022)
9914 (March 12, 2022)
10023 (March 12, 2022)
10020 (March 12, 2022)
10022 (March 12, 2022)
10021 (March 12, 2022)
9899 (March 12, 2022)
9927 (March 12, 2022)
9923 (March 12, 2022)
9921 (March 12, 2022)
9925 (March 12, 2022)
9920 (March 12, 2022)
9926 (March 12, 2022)
9928 (March 12, 2022)
9922 (March 12, 2022)
9924 (March 12, 2022)
9929 (March 12, 2022)
9957 (March 12, 2022)
9951 (March 12, 2022)
9955 (March 12, 2022)
9950 (March 12, 2022)
9956 (March 12, 2022)
9958 (March 12, 2022)
9952 (March 12, 2022)
9954 (March 12, 2022)
9959 (March 12, 2022)
10015 (March 12, 2022)
10016 (March 12, 2022)
10017 (March 12, 2022)
10013 (March 12, 2022)
10010 (March 12, 2022)
10012 (March 12, 2022)
10019 (March 12, 2022)
10011 (March 12, 2022)
10018 (March 12, 2022)
10014 (March 12, 2022)
9907 (March 12, 2022)
9903 (March 12, 2022)
9901 (March 12, 2022)
9905 (March 12, 2022)
9900 (March 12, 2022)
9906 (March 12, 2022)
9908 (March 12, 2022)
9902 (March 12, 2022)
9909 (March 12, 2022)
9857 (March 12, 2022)
9977 (March 12, 2022)
9973 (March 12, 2022)
9971 (March 12, 2022)
9975 (March 12, 2022)
9970 (March 12, 2022)
9976 (March 12, 2022)
9978 (March 12, 2022)
9972 (March 12, 2022)
9979 (March 12, 2022)
9937 (March 12, 2022)
9933 (March 12, 2022)
9931 (March 12, 2022)
9935 (March 12, 2022)
9930 (March 12, 2022)
9936 (March 12, 2022)
9938 (March 12, 2022)
9932 (March 13, 2022)
9939 (March 13, 2022)
9463 (March 13, 2022)
9987 (March 13, 2022)
9983 (March 13, 2022)
9981 (March 13, 2022)
9980 (March 13, 2022)
9986 (March 13, 2022)
9988 (March 13, 2022)
9982 (March 13, 2022)
9984 (March 13, 2022)
9989 (March 13, 2022)
9997 (March 13, 2022)
9993 (March 13, 2022)
9991 (March 13, 2022)
9995 (March 13, 2022)
9996 (March 13, 2022)
9998 (March 13, 2022)
9992 (March 13, 2022)
9994 (March 13, 2022)
9947 (March 13, 2022)
9943 (March 13, 2022)
9941 (March 13, 2022)
9945 (March 13, 2022)
9940 (March 13, 2022)
9948 (March 13, 2022)
9942 (March 13, 2022)
9944 (March 13, 2022)
9949 (March 13, 2022)
8847 (March 17, 2022)
9962 (March 17, 2022)
10015 (March 17, 2022)
10013 (March 17, 2022)
9978 (March 17, 2022)
9932 (March 17, 2022)
8836 (March 19, 2022)
8817 (March 20, 2022)
8817 (March 20, 2022)
8823 (March 20, 2022)
8552 (March 21, 2022)
8834 (March 22, 2022)
8843 (March 22, 2022)
8824 (March 25, 2022)
8824 (March 25, 2022)
8751 (March 25, 2022)
8827 (March 25, 2022)
8827 (March 25, 2022)
8566 (March 25, 2022)
8755 (March 25, 2022)
8814 (March 26, 2022)
8839 (March 27, 2022)
8696 (March 29, 2022)
8844 (March 30, 2022)
8494 (April 2, 2022)
8840 (April 3, 2022)
10000 (April 4, 2022)
9999 (April 4, 2022)
10005 (April 4, 2022)
10006 (April 4, 2022)
10007 (April 4, 2022)
10003 (April 4, 2022)
10002 (April 4, 2022)
10001 (April 4, 2022)
10008 (April 4, 2022)
10004 (April 4, 2022)
9963 (April 4, 2022)
9965 (April 4, 2022)
9960 (April 4, 2022)
9966 (April 4, 2022)
9962 (April 4, 2022)
9969 (April 4, 2022)
9967 (April 4, 2022)
9961 (April 4, 2022)
9968 (April 4, 2022)
9964 (April 4, 2022)
9913 (April 4, 2022)
9915 (April 4, 2022)
9910 (April 4, 2022)
9916 (April 4, 2022)
9912 (April 4, 2022)
9919 (April 4, 2022)
9917 (April 4, 2022)
9911 (April 4, 2022)
9918 (April 4, 2022)
9914 (April 4, 2022)
10023 (April 4, 2022)
10020 (April 4, 2022)
10022 (April 4, 2022)
10021 (April 4, 2022)
9899 (April 4, 2022)
9927 (April 4, 2022)
9923 (April 4, 2022)
9921 (April 4, 2022)
9925 (April 4, 2022)
9920 (April 4, 2022)
9926 (April 4, 2022)
9928 (April 4, 2022)
9922 (April 4, 2022)
9924 (April 4, 2022)
9929 (April 4, 2022)
9957 (April 4, 2022)
9951 (April 4, 2022)
9955 (April 4, 2022)
9950 (April 4, 2022)
9956 (April 4, 2022)
9958 (April 4, 2022)
9952 (April 4, 2022)
9954 (April 4, 2022)
9959 (April 4, 2022)
10015 (April 4, 2022)
10016 (April 4, 2022)
10017 (April 4, 2022)
10013 (April 4, 2022)
10010 (April 4, 2022)
10012 (April 4, 2022)
10019 (April 4, 2022)
10011 (April 4, 2022)
10018 (April 4, 2022)
10014 (April 4, 2022)
9907 (April 4, 2022)
9903 (April 4, 2022)
9901 (April 4, 2022)
9905 (April 4, 2022)
9900 (April 4, 2022)
9906 (April 4, 2022)
9908 (April 4, 2022)
9902 (April 4, 2022)
9909 (April 4, 2022)
9857 (April 4, 2022)
9977 (April 4, 2022)
9973 (April 4, 2022)
9971 (April 4, 2022)
9975 (April 4, 2022)
9970 (April 4, 2022)
9976 (April 4, 2022)
9978 (April 4, 2022)
9972 (April 4, 2022)
9979 (April 4, 2022)
9937 (April 4, 2022)
9933 (April 4, 2022)
9931 (April 4, 2022)
9935 (April 4, 2022)
9930 (April 4, 2022)
9936 (April 4, 2022)
9938 (April 4, 2022)
9932 (April 4, 2022)
9939 (April 4, 2022)
9463 (April 4, 2022)
9987 (April 4, 2022)
9983 (April 4, 2022)
9981 (April 4, 2022)
9980 (April 4, 2022)
9986 (April 4, 2022)
9988 (April 4, 2022)
9982 (April 4, 2022)
9984 (April 4, 2022)
9989 (April 4, 2022)
9997 (April 4, 2022)
9993 (April 4, 2022)
9991 (April 4, 2022)
9995 (April 4, 2022)
9996 (April 4, 2022)
9998 (April 4, 2022)
9992 (April 4, 2022)
9994 (April 4, 2022)
9947 (April 4, 2022)
9943 (April 4, 2022)
9941 (April 4, 2022)
9945 (April 4, 2022)
9940 (April 4, 2022)
9948 (April 4, 2022)
9942 (April 4, 2022)
9944 (April 4, 2022)
9949 (April 4, 2022)
8582 (April 8, 2022)
10000 (April 9, 2022)
9999 (April 9, 2022)
10016 (April 9, 2022)
9993 (April 9, 2022)
8717 (April 11, 2022)
10000 (April 15, 2022)
9999 (April 15, 2022)
10005 (April 15, 2022)
10006 (April 15, 2022)
10007 (April 15, 2022)
10003 (April 15, 2022)
10002 (April 15, 2022)
10001 (April 15, 2022)
10008 (April 15, 2022)
10004 (April 15, 2022)
9963 (April 15, 2022)
9965 (April 15, 2022)
9960 (April 15, 2022)
9966 (April 15, 2022)
9962 (April 15, 2022)
9969 (April 15, 2022)
9967 (April 15, 2022)
9961 (April 15, 2022)
9968 (April 15, 2022)
9964 (April 15, 2022)
9913 (April 15, 2022)
9915 (April 15, 2022)
9910 (April 15, 2022)
9916 (April 15, 2022)
9912 (April 15, 2022)
9919 (April 15, 2022)
9917 (April 15, 2022)
9911 (April 15, 2022)
9918 (April 15, 2022)
9914 (April 15, 2022)
10023 (April 15, 2022)
10020 (April 15, 2022)
10022 (April 15, 2022)
10021 (April 15, 2022)
9899 (April 15, 2022)
9927 (April 15, 2022)
9923 (April 15, 2022)
9921 (April 15, 2022)
9925 (April 15, 2022)
9920 (April 15, 2022)
9926 (April 15, 2022)
9928 (April 15, 2022)
9922 (April 15, 2022)
9924 (April 15, 2022)
9929 (April 15, 2022)
9957 (April 15, 2022)
9951 (April 15, 2022)
9955 (April 15, 2022)
9950 (April 15, 2022)
9956 (April 15, 2022)
9958 (April 15, 2022)
9952 (April 15, 2022)
9954 (April 15, 2022)
9959 (April 15, 2022)
10015 (April 15, 2022)
10016 (April 15, 2022)
10017 (April 15, 2022)
10013 (April 15, 2022)
10010 (April 15, 2022)
10012 (April 15, 2022)
10019 (April 15, 2022)
10011 (April 15, 2022)
10018 (April 15, 2022)
10014 (April 15, 2022)
9907 (April 15, 2022)
9903 (April 15, 2022)
9901 (April 15, 2022)
9905 (April 15, 2022)
9900 (April 15, 2022)
9906 (April 15, 2022)
9908 (April 15, 2022)
9902 (April 15, 2022)
9909 (April 15, 2022)
9857 (April 15, 2022)
9977 (April 15, 2022)
9973 (April 15, 2022)
9971 (April 15, 2022)
9975 (April 15, 2022)
9970 (April 15, 2022)
9976 (April 15, 2022)
9978 (April 15, 2022)
9972 (April 15, 2022)
9979 (April 15, 2022)
9937 (April 15, 2022)
9933 (April 15, 2022)
9931 (April 15, 2022)
9935 (April 15, 2022)
9930 (April 15, 2022)
9936 (April 15, 2022)
9938 (April 15, 2022)
9932 (April 15, 2022)
9939 (April 15, 2022)
9463 (April 15, 2022)
9987 (April 15, 2022)
9983 (April 15, 2022)
9981 (April 15, 2022)
9980 (April 15, 2022)
9986 (April 15, 2022)
9988 (April 15, 2022)
9982 (April 15, 2022)
9984 (April 15, 2022)
9989 (April 15, 2022)
9997 (April 15, 2022)
9993 (April 15, 2022)
9991 (April 15, 2022)
9995 (April 15, 2022)
9996 (April 15, 2022)
9998 (April 15, 2022)
9992 (April 15, 2022)
9994 (April 15, 2022)
9947 (April 15, 2022)
9943 (April 15, 2022)
9941 (April 15, 2022)
9945 (April 15, 2022)
9940 (April 15, 2022)
9948 (April 15, 2022)
9942 (April 15, 2022)
9944 (April 15, 2022)
9949 (April 15, 2022)
8794 (April 16, 2022)
10000 (April 21, 2022)
9999 (April 21, 2022)
10005 (April 21, 2022)
10006 (April 21, 2022)
10007 (April 21, 2022)
10003 (April 21, 2022)
10002 (April 21, 2022)
10001 (April 21, 2022)
10008 (April 21, 2022)
10004 (April 21, 2022)
9963 (April 21, 2022)
9965 (April 21, 2022)
9960 (April 21, 2022)
9966 (April 21, 2022)
9962 (April 21, 2022)
9969 (April 21, 2022)
9967 (April 21, 2022)
9961 (April 21, 2022)
9968 (April 21, 2022)
9964 (April 21, 2022)
9913 (April 21, 2022)
9915 (April 21, 2022)
9910 (April 21, 2022)
9916 (April 21, 2022)
9912 (April 21, 2022)
9919 (April 21, 2022)
9917 (April 21, 2022)
9911 (April 21, 2022)
9918 (April 21, 2022)
9914 (April 21, 2022)
10023 (April 21, 2022)
10020 (April 21, 2022)
10022 (April 21, 2022)
10021 (April 21, 2022)
9899 (April 21, 2022)
9927 (April 21, 2022)
9923 (April 21, 2022)
9921 (April 21, 2022)
9925 (April 21, 2022)
9920 (April 21, 2022)
9926 (April 21, 2022)
9928 (April 21, 2022)
9922 (April 21, 2022)
9924 (April 21, 2022)
9929 (April 21, 2022)
9957 (April 21, 2022)
9951 (April 21, 2022)
9955 (April 21, 2022)
9950 (April 21, 2022)
9956 (April 21, 2022)
9958 (April 21, 2022)
9952 (April 21, 2022)
9954 (April 21, 2022)
9959 (April 21, 2022)
10015 (April 21, 2022)
10016 (April 21, 2022)
10017 (April 21, 2022)
10013 (April 21, 2022)
10010 (April 21, 2022)
10012 (April 21, 2022)
10019 (April 21, 2022)
10011 (April 21, 2022)
10018 (April 21, 2022)
10014 (April 21, 2022)
9907 (April 21, 2022)
9903 (April 21, 2022)
9901 (April 21, 2022)
9905 (April 21, 2022)
9900 (April 21, 2022)
9906 (April 21, 2022)
9908 (April 21, 2022)
9902 (April 21, 2022)
9909 (April 21, 2022)
9857 (April 21, 2022)
9977 (April 21, 2022)
9973 (April 21, 2022)
9971 (April 21, 2022)
9975 (April 21, 2022)
9970 (April 21, 2022)
9976 (April 21, 2022)
9978 (April 21, 2022)
9972 (April 21, 2022)
9979 (April 21, 2022)
9937 (April 21, 2022)
9933 (April 21, 2022)
9931 (April 21, 2022)
9935 (April 21, 2022)
9930 (April 21, 2022)
9936 (April 21, 2022)
9938 (April 21, 2022)
9932 (April 21, 2022)
9939 (April 21, 2022)
9463 (April 21, 2022)
9987 (April 21, 2022)
9983 (April 21, 2022)
9981 (April 21, 2022)
9980 (April 21, 2022)
9986 (April 21, 2022)
9988 (April 21, 2022)
9982 (April 21, 2022)
9984 (April 21, 2022)
9989 (April 21, 2022)
9997 (April 21, 2022)
9993 (April 21, 2022)
9991 (April 21, 2022)
9995 (April 21, 2022)
9996 (April 21, 2022)
9998 (April 21, 2022)
9992 (April 21, 2022)
9994 (April 21, 2022)
9947 (April 21, 2022)
9943 (April 21, 2022)
9941 (April 21, 2022)
9945 (April 21, 2022)
9940 (April 21, 2022)
9948 (April 21, 2022)
9942 (April 21, 2022)
9944 (April 21, 2022)
9949 (April 21, 2022)
10000 (May 10, 2022)
9999 (May 10, 2022)
10005 (May 10, 2022)
10006 (May 10, 2022)
10007 (May 10, 2022)
10003 (May 10, 2022)
10002 (May 10, 2022)
10001 (May 10, 2022)
10008 (May 10, 2022)
10004 (May 10, 2022)
9963 (May 10, 2022)
9965 (May 10, 2022)
9960 (May 10, 2022)
9966 (May 10, 2022)
9962 (May 10, 2022)
9969 (May 10, 2022)
9967 (May 10, 2022)
9961 (May 10, 2022)
9968 (May 10, 2022)
9964 (May 10, 2022)
9913 (May 10, 2022)
9915 (May 10, 2022)
9910 (May 10, 2022)
9916 (May 10, 2022)
9912 (May 10, 2022)
9919 (May 10, 2022)
9917 (May 10, 2022)
9911 (May 10, 2022)
9918 (May 10, 2022)
9914 (May 10, 2022)
10023 (May 10, 2022)
10020 (May 10, 2022)
10022 (May 10, 2022)
10021 (May 10, 2022)
9899 (May 10, 2022)
9927 (May 10, 2022)
9923 (May 10, 2022)
9921 (May 10, 2022)
9925 (May 10, 2022)
9920 (May 10, 2022)
9926 (May 10, 2022)
9928 (May 10, 2022)
9922 (May 10, 2022)
9924 (May 10, 2022)
9929 (May 10, 2022)
9957 (May 10, 2022)
9951 (May 10, 2022)
9955 (May 10, 2022)
9950 (May 10, 2022)
9956 (May 10, 2022)
9958 (May 10, 2022)
9952 (May 10, 2022)
9954 (May 10, 2022)
9959 (May 10, 2022)
10015 (May 10, 2022)
10016 (May 10, 2022)
10017 (May 10, 2022)
10013 (May 10, 2022)
10010 (May 10, 2022)
10012 (May 10, 2022)
10019 (May 10, 2022)
10011 (May 10, 2022)
10018 (May 10, 2022)
10014 (May 10, 2022)
9907 (May 10, 2022)
9903 (May 10, 2022)
9901 (May 10, 2022)
9905 (May 10, 2022)
9900 (May 10, 2022)
9906 (May 10, 2022)
9908 (May 10, 2022)
9902 (May 10, 2022)
9909 (May 10, 2022)
9857 (May 10, 2022)
9977 (May 10, 2022)
9973 (May 10, 2022)
9971 (May 10, 2022)
9975 (May 10, 2022)
9970 (May 10, 2022)
9976 (May 10, 2022)
9978 (May 10, 2022)
9972 (May 10, 2022)
9979 (May 10, 2022)
9937 (May 10, 2022)
9933 (May 10, 2022)
9931 (May 10, 2022)
9935 (May 10, 2022)
9930 (May 10, 2022)
9936 (May 10, 2022)
9938 (May 10, 2022)
9932 (May 10, 2022)
9939 (May 10, 2022)
9463 (May 10, 2022)
9987 (May 10, 2022)
9983 (May 10, 2022)
9981 (May 10, 2022)
9980 (May 10, 2022)
9986 (May 10, 2022)
9988 (May 10, 2022)
9982 (May 10, 2022)
9984 (May 10, 2022)
9989 (May 10, 2022)
9997 (May 10, 2022)
9993 (May 10, 2022)
9991 (May 10, 2022)
9995 (May 10, 2022)
9996 (May 10, 2022)
9998 (May 10, 2022)
9992 (May 10, 2022)
9994 (May 10, 2022)
9947 (May 10, 2022)
9943 (May 10, 2022)
9941 (May 10, 2022)
9945 (May 10, 2022)
9940 (May 10, 2022)
9948 (May 10, 2022)
9942 (May 10, 2022)
9944 (May 10, 2022)
9949 (May 10, 2022)
10000 (May 22, 2022)
9999 (May 22, 2022)
10005 (May 22, 2022)
10006 (May 22, 2022)
10007 (May 22, 2022)
10003 (May 22, 2022)
10002 (May 22, 2022)
10001 (May 22, 2022)
10008 (May 22, 2022)
10004 (May 22, 2022)
9963 (May 22, 2022)
9965 (May 22, 2022)
9960 (May 22, 2022)
9966 (May 22, 2022)
9962 (May 22, 2022)
9969 (May 22, 2022)
9967 (May 22, 2022)
9961 (May 22, 2022)
9968 (May 22, 2022)
9964 (May 22, 2022)
9913 (May 22, 2022)
9915 (May 22, 2022)
9910 (May 22, 2022)
9916 (May 22, 2022)
9912 (May 22, 2022)
9919 (May 22, 2022)
9917 (May 22, 2022)
9911 (May 22, 2022)
9918 (May 22, 2022)
9914 (May 22, 2022)
10023 (May 22, 2022)
10020 (May 22, 2022)
10022 (May 22, 2022)
10021 (May 22, 2022)
9899 (May 22, 2022)
9927 (May 22, 2022)
9923 (May 22, 2022)
9921 (May 22, 2022)
9925 (May 22, 2022)
9920 (May 22, 2022)
9926 (May 22, 2022)
9928 (May 22, 2022)
9922 (May 22, 2022)
9924 (May 22, 2022)
9929 (May 22, 2022)
9957 (May 22, 2022)
9951 (May 22, 2022)
9955 (May 22, 2022)
9950 (May 22, 2022)
9956 (May 22, 2022)
9958 (May 22, 2022)
9952 (May 22, 2022)
9954 (May 22, 2022)
9959 (May 22, 2022)
10015 (May 22, 2022)
10016 (May 22, 2022)
10017 (May 22, 2022)
10013 (May 22, 2022)
10010 (May 22, 2022)
10012 (May 22, 2022)
10019 (May 22, 2022)
10011 (May 22, 2022)
10018 (May 22, 2022)
10014 (May 22, 2022)
9907 (May 22, 2022)
9903 (May 22, 2022)
9901 (May 22, 2022)
9905 (May 22, 2022)
9900 (May 22, 2022)
9906 (May 22, 2022)
9908 (May 22, 2022)
9902 (May 22, 2022)
9909 (May 22, 2022)
9857 (May 22, 2022)
9977 (May 22, 2022)
9973 (May 22, 2022)
9971 (May 22, 2022)
9975 (May 22, 2022)
9970 (May 22, 2022)
9976 (May 22, 2022)
9978 (May 22, 2022)
9972 (May 22, 2022)
9979 (May 22, 2022)
9937 (May 22, 2022)
9933 (May 22, 2022)
9931 (May 22, 2022)
9935 (May 22, 2022)
9930 (May 22, 2022)
9936 (May 22, 2022)
9938 (May 22, 2022)
9932 (May 22, 2022)
9939 (May 22, 2022)
9463 (May 22, 2022)
9987 (May 22, 2022)
9983 (May 22, 2022)
9981 (May 22, 2022)
9980 (May 22, 2022)
9986 (May 22, 2022)
9988 (May 22, 2022)
9982 (May 22, 2022)
9984 (May 22, 2022)
9989 (May 22, 2022)
9997 (May 22, 2022)
9993 (May 22, 2022)
9991 (May 22, 2022)
9995 (May 22, 2022)
9996 (May 22, 2022)
9998 (May 22, 2022)
9992 (May 22, 2022)
9994 (May 22, 2022)
9947 (May 22, 2022)
9943 (May 22, 2022)
9941 (May 22, 2022)
9945 (May 22, 2022)
9940 (May 22, 2022)
9948 (May 22, 2022)
9942 (May 22, 2022)
9944 (May 22, 2022)
9949 (May 22, 2022)
8830 (May 27, 2022)
8825 (June 1, 2022)
1386 (June 5, 2022)
8828 (June 9, 2022)
10000 (June 11, 2022)
9999 (June 11, 2022)
10005 (June 11, 2022)
10006 (June 11, 2022)
10007 (June 11, 2022)
10003 (June 11, 2022)
10002 (June 11, 2022)
10001 (June 11, 2022)
10008 (June 11, 2022)
10004 (June 11, 2022)
9963 (June 11, 2022)
9965 (June 11, 2022)
9960 (June 11, 2022)
9966 (June 11, 2022)
9962 (June 11, 2022)
9969 (June 11, 2022)
9967 (June 11, 2022)
9961 (June 11, 2022)
9968 (June 11, 2022)
9964 (June 11, 2022)
9913 (June 11, 2022)
9915 (June 11, 2022)
9910 (June 11, 2022)
9916 (June 11, 2022)
9912 (June 11, 2022)
9919 (June 11, 2022)
9917 (June 11, 2022)
9911 (June 11, 2022)
9918 (June 11, 2022)
9914 (June 11, 2022)
10023 (June 11, 2022)
10020 (June 11, 2022)
10022 (June 11, 2022)
10021 (June 11, 2022)
9899 (June 11, 2022)
9927 (June 11, 2022)
9923 (June 11, 2022)
9921 (June 11, 2022)
9925 (June 11, 2022)
9920 (June 11, 2022)
9926 (June 11, 2022)
9928 (June 11, 2022)
9922 (June 11, 2022)
9924 (June 11, 2022)
9929 (June 11, 2022)
9957 (June 11, 2022)
9951 (June 11, 2022)
9955 (June 11, 2022)
9950 (June 11, 2022)
9956 (June 11, 2022)
9958 (June 11, 2022)
9952 (June 11, 2022)
9954 (June 11, 2022)
9959 (June 11, 2022)
10015 (June 11, 2022)
10016 (June 11, 2022)
10017 (June 11, 2022)
10013 (June 11, 2022)
10010 (June 11, 2022)
10012 (June 11, 2022)
10019 (June 11, 2022)
10011 (June 11, 2022)
10018 (June 11, 2022)
10014 (June 11, 2022)
9907 (June 11, 2022)
9903 (June 11, 2022)
9901 (June 11, 2022)
9905 (June 11, 2022)
9900 (June 11, 2022)
9906 (June 11, 2022)
9908 (June 11, 2022)
9902 (June 11, 2022)
9909 (June 11, 2022)
9857 (June 11, 2022)
9977 (June 11, 2022)
9973 (June 11, 2022)
9971 (June 11, 2022)
9975 (June 11, 2022)
9970 (June 11, 2022)
9976 (June 11, 2022)
9978 (June 11, 2022)
9972 (June 11, 2022)
9979 (June 11, 2022)
9937 (June 11, 2022)
9933 (June 11, 2022)
9931 (June 11, 2022)
9935 (June 11, 2022)
9930 (June 11, 2022)
9936 (June 11, 2022)
9938 (June 11, 2022)
9932 (June 11, 2022)
9939 (June 11, 2022)
9463 (June 11, 2022)
9987 (June 11, 2022)
9983 (June 11, 2022)
9981 (June 11, 2022)
9980 (June 11, 2022)
9986 (June 11, 2022)
9988 (June 11, 2022)
9982 (June 11, 2022)
9984 (June 11, 2022)
9989 (June 11, 2022)
9997 (June 11, 2022)
9993 (June 11, 2022)
9991 (June 11, 2022)
9995 (June 11, 2022)
9996 (June 11, 2022)
9998 (June 11, 2022)
9992 (June 11, 2022)
9994 (June 11, 2022)
9947 (June 11, 2022)
9943 (June 11, 2022)
9941 (June 11, 2022)
9945 (June 11, 2022)
9940 (June 11, 2022)
9948 (June 11, 2022)
9942 (June 11, 2022)
9944 (June 11, 2022)
9949 (June 11, 2022)
1386 (June 13, 2022)
10028 (June 18, 2022)
10029 (June 21, 2022)
10030 (June 21, 2022)
10029 (July 5, 2022)
10028 (July 5, 2022)
10030 (July 5, 2022)
10000 (July 12, 2022)
9999 (July 12, 2022)
10005 (July 12, 2022)
10006 (July 12, 2022)
10007 (July 12, 2022)
10003 (July 12, 2022)
10002 (July 12, 2022)
10001 (July 12, 2022)
10008 (July 12, 2022)
10004 (July 12, 2022)
9963 (July 12, 2022)
9965 (July 12, 2022)
9960 (July 12, 2022)
9966 (July 12, 2022)
9962 (July 12, 2022)
9969 (July 12, 2022)
9967 (July 12, 2022)
9961 (July 12, 2022)
9968 (July 12, 2022)
9964 (July 12, 2022)
9913 (July 12, 2022)
9915 (July 12, 2022)
9910 (July 12, 2022)
9916 (July 12, 2022)
9912 (July 12, 2022)
9919 (July 12, 2022)
9917 (July 12, 2022)
9911 (July 12, 2022)
9918 (July 12, 2022)
9914 (July 12, 2022)
10023 (July 12, 2022)
10020 (July 12, 2022)
10022 (July 12, 2022)
10029 (July 12, 2022)
10021 (July 12, 2022)
10028 (July 12, 2022)
9899 (July 12, 2022)
9927 (July 12, 2022)
9923 (July 12, 2022)
9921 (July 12, 2022)
9925 (July 12, 2022)
9920 (July 12, 2022)
9926 (July 12, 2022)
9928 (July 12, 2022)
9922 (July 12, 2022)
9924 (July 12, 2022)
9929 (July 12, 2022)
9957 (July 12, 2022)
9951 (July 12, 2022)
9955 (July 12, 2022)
9950 (July 12, 2022)
9956 (July 12, 2022)
9958 (July 12, 2022)
9952 (July 12, 2022)
9954 (July 12, 2022)
9959 (July 12, 2022)
10040 (July 12, 2022)
10042 (July 12, 2022)
10041 (July 12, 2022)
10033 (July 12, 2022)
10035 (July 12, 2022)
10030 (July 12, 2022)
10036 (July 12, 2022)
10039 (July 12, 2022)
10037 (July 12, 2022)
10031 (July 12, 2022)
10038 (July 12, 2022)
10034 (July 12, 2022)
10015 (July 12, 2022)
10016 (July 12, 2022)
10017 (July 12, 2022)
10013 (July 12, 2022)
10010 (July 12, 2022)
10012 (July 12, 2022)
10019 (July 12, 2022)
10011 (July 12, 2022)
10018 (July 12, 2022)
10014 (July 12, 2022)
9907 (July 12, 2022)
9903 (July 12, 2022)
9901 (July 12, 2022)
9905 (July 12, 2022)
9900 (July 12, 2022)
9906 (July 12, 2022)
9908 (July 12, 2022)
9902 (July 12, 2022)
9909 (July 12, 2022)
9857 (July 12, 2022)
9977 (July 12, 2022)
9973 (July 12, 2022)
9971 (July 12, 2022)
9975 (July 12, 2022)
9970 (July 12, 2022)
9976 (July 12, 2022)
9978 (July 12, 2022)
9972 (July 12, 2022)
9979 (July 12, 2022)
9937 (July 12, 2022)
9933 (July 12, 2022)
9931 (July 12, 2022)
9935 (July 12, 2022)
9930 (July 12, 2022)
9936 (July 12, 2022)
9938 (July 12, 2022)
9932 (July 12, 2022)
9939 (July 12, 2022)
9463 (July 12, 2022)
9987 (July 12, 2022)
9983 (July 12, 2022)
9981 (July 12, 2022)
9980 (July 12, 2022)
9986 (July 12, 2022)
9988 (July 12, 2022)
9982 (July 12, 2022)
9984 (July 12, 2022)
9989 (July 12, 2022)
9997 (July 12, 2022)
9993 (July 12, 2022)
9991 (July 12, 2022)
9995 (July 12, 2022)
9996 (July 12, 2022)
9998 (July 12, 2022)
9992 (July 12, 2022)
9994 (July 12, 2022)
9947 (July 12, 2022)
9943 (July 12, 2022)
9941 (July 12, 2022)
9945 (July 12, 2022)
9940 (July 12, 2022)
9948 (July 12, 2022)
9942 (July 12, 2022)
9944 (July 12, 2022)
9949 (July 12, 2022)
10000 (July 20, 2022)
9999 (July 20, 2022)
10005 (July 20, 2022)
10006 (July 20, 2022)
10007 (July 20, 2022)
10003 (July 20, 2022)
10002 (July 20, 2022)
10001 (July 20, 2022)
10008 (July 20, 2022)
10004 (July 20, 2022)
9963 (July 20, 2022)
9965 (July 20, 2022)
9960 (July 20, 2022)
9966 (July 20, 2022)
9962 (July 20, 2022)
9969 (July 20, 2022)
9967 (July 20, 2022)
9961 (July 20, 2022)
9968 (July 20, 2022)
9964 (July 20, 2022)
9913 (July 20, 2022)
9915 (July 20, 2022)
9910 (July 20, 2022)
9916 (July 20, 2022)
9912 (July 20, 2022)
9919 (July 20, 2022)
9917 (July 20, 2022)
9911 (July 20, 2022)
9918 (July 20, 2022)
9914 (July 20, 2022)
10023 (July 20, 2022)
10020 (July 20, 2022)
10022 (July 20, 2022)
10029 (July 20, 2022)
10021 (July 20, 2022)
10028 (July 20, 2022)
9899 (July 20, 2022)
9927 (July 20, 2022)
9923 (July 20, 2022)
9921 (July 20, 2022)
9925 (July 20, 2022)
9920 (July 20, 2022)
9926 (July 20, 2022)
9928 (July 20, 2022)
9922 (July 20, 2022)
9924 (July 20, 2022)
9929 (July 20, 2022)
9957 (July 20, 2022)
9951 (July 20, 2022)
9955 (July 20, 2022)
9950 (July 20, 2022)
9956 (July 20, 2022)
9958 (July 20, 2022)
9952 (July 20, 2022)
9954 (July 20, 2022)
9959 (July 20, 2022)
10043 (July 20, 2022)
10045 (July 20, 2022)
10040 (July 20, 2022)
10042 (July 20, 2022)
10041 (July 20, 2022)
10044 (July 20, 2022)
10033 (July 20, 2022)
10035 (July 20, 2022)
10030 (July 20, 2022)
10036 (July 20, 2022)
10039 (July 20, 2022)
10037 (July 20, 2022)
10031 (July 20, 2022)
10038 (July 20, 2022)
10034 (July 20, 2022)
10015 (July 20, 2022)
10016 (July 20, 2022)
10017 (July 20, 2022)
10013 (July 20, 2022)
10010 (July 20, 2022)
10012 (July 20, 2022)
10019 (July 20, 2022)
10011 (July 20, 2022)
10018 (July 20, 2022)
10014 (July 20, 2022)
9907 (July 20, 2022)
9903 (July 20, 2022)
9901 (July 20, 2022)
9905 (July 20, 2022)
9900 (July 20, 2022)
9906 (July 20, 2022)
9908 (July 20, 2022)
9902 (July 20, 2022)
9909 (July 20, 2022)
9857 (July 20, 2022)
9977 (July 20, 2022)
9973 (July 20, 2022)
9971 (July 20, 2022)
9975 (July 20, 2022)
9970 (July 20, 2022)
9976 (July 20, 2022)
9978 (July 20, 2022)
9972 (July 20, 2022)
9979 (July 20, 2022)
9937 (July 20, 2022)
9933 (July 20, 2022)
9931 (July 20, 2022)
9935 (July 20, 2022)
9930 (July 20, 2022)
9936 (July 20, 2022)
9938 (July 20, 2022)
9932 (July 20, 2022)
9939 (July 20, 2022)
9463 (July 20, 2022)
9987 (July 20, 2022)
9983 (July 20, 2022)
9981 (July 20, 2022)
9980 (July 20, 2022)
9986 (July 20, 2022)
9988 (July 20, 2022)
9982 (July 20, 2022)
9984 (July 20, 2022)
9989 (July 20, 2022)
9997 (July 20, 2022)
9993 (July 20, 2022)
9991 (July 20, 2022)
9995 (July 20, 2022)
9996 (July 20, 2022)
9998 (July 20, 2022)
9992 (July 20, 2022)
9994 (July 20, 2022)
9947 (July 20, 2022)
9943 (July 20, 2022)
9941 (July 20, 2022)
9945 (July 20, 2022)
9940 (July 20, 2022)
9948 (July 20, 2022)
9942 (July 20, 2022)
9944 (July 20, 2022)
9949 (July 20, 2022)
